<?xml version="1.0" encoding="UTF-8"?>
<coverage generated="1777491280191" clover="3.2.0">
  <project timestamp="1777491280191" name="All files">
    <metrics statements="14" coveredstatements="14" conditionals="15" coveredconditionals="15" methods="5" coveredmethods="5" elements="34" coveredelements="34" complexity="0" loc="14" ncloc="14" packages="1" files="1" classes="1"/>
    <file name="sistemaAlunos.js" path="C:\Users\aluno.SENACLAB\Desktop\tutorial-testes-unitarios\testes-de-Software\sistemaAlunos.js">
      <metrics statements="14" coveredstatements="14" conditionals="15" coveredconditionals="15" methods="5" coveredmethods="5"/>
      <line num="7" count="20" type="cond" truecount="5" falsecount="0"/>
      <line num="8" count="2" type="stmt"/>
      <line num="10" count="18" type="cond" truecount="4" falsecount="0"/>
      <line num="11" count="4" type="stmt"/>
      <line num="21" count="7" type="cond" truecount="2" falsecount="0"/>
      <line num="22" count="1" type="stmt"/>
      <line num="25" count="12" type="stmt"/>
      <line num="27" count="8" type="stmt"/>
      <line num="28" count="2" type="stmt"/>
      <line num="37" count="8" type="stmt"/>
      <line num="39" count="6" type="cond" truecount="2" falsecount="0"/>
      <line num="40" count="4" type="cond" truecount="2" falsecount="0"/>
      <line num="41" count="2" type="stmt"/>
      <line num="45" count="1" type="stmt"/>
    </file>
  </project>
</coverage>
