<?xml version="1.0" encoding="UTF-8"?>
<coverage generated="1777493005076" clover="3.2.0">
  <project timestamp="1777493005077" name="All files">
    <metrics statements="36" coveredstatements="36" conditionals="26" coveredconditionals="26" methods="9" coveredmethods="9" elements="71" coveredelements="71" complexity="0" loc="36" ncloc="36" packages="2" files="2" classes="2"/>
    <package name="testes-de-Software">
      <metrics statements="22" coveredstatements="22" conditionals="11" coveredconditionals="11" methods="4" coveredmethods="4"/>
      <file name="app.js" path="C:\Users\aluno.SENACLAB\Desktop\tutorial-testes-unitarios\testes-de-Software\app.js">
        <metrics statements="22" coveredstatements="22" conditionals="11" coveredconditionals="11" methods="4" coveredmethods="4"/>
        <line num="1" count="1" type="stmt"/>
        <line num="2" count="1" type="stmt"/>
        <line num="3" count="1" type="stmt"/>
        <line num="5" count="1" type="stmt"/>
        <line num="10" count="1" type="stmt"/>
        <line num="11" count="1" type="stmt"/>
        <line num="15" count="1" type="stmt"/>
        <line num="16" count="5" type="stmt"/>
        <line num="18" count="5" type="cond" truecount="2" falsecount="0"/>
        <line num="19" count="1" type="stmt"/>
        <line num="22" count="9" type="stmt"/>
        <line num="23" count="4" type="cond" truecount="2" falsecount="0"/>
        <line num="24" count="3" type="stmt"/>
        <line num="27" count="1" type="stmt"/>
        <line num="31" count="1" type="stmt"/>
        <line num="32" count="4" type="stmt"/>
        <line num="35" count="4" type="cond" truecount="5" falsecount="0"/>
        <line num="36" count="2" type="stmt"/>
        <line num="39" count="2" type="stmt"/>
        <line num="47" count="2" type="stmt"/>
        <line num="48" count="2" type="stmt"/>
        <line num="51" count="1" type="stmt"/>
      </file>
    </package>
    <package name="testes-de-Software.gestao-livros">
      <metrics statements="14" coveredstatements="14" conditionals="15" coveredconditionals="15" methods="5" coveredmethods="5"/>
      <file name="sistemaAlunos.js" path="C:\Users\aluno.SENACLAB\Desktop\tutorial-testes-unitarios\testes-de-Software\gestao-livros\sistemaAlunos.js">
        <metrics statements="14" coveredstatements="14" conditionals="15" coveredconditionals="15" methods="5" coveredmethods="5"/>
        <line num="7" count="20" type="cond" truecount="5" falsecount="0"/>
        <line num="8" count="2" type="stmt"/>
        <line num="10" count="18" type="cond" truecount="4" falsecount="0"/>
        <line num="11" count="4" type="stmt"/>
        <line num="21" count="7" type="cond" truecount="2" falsecount="0"/>
        <line num="22" count="1" type="stmt"/>
        <line num="25" count="12" type="stmt"/>
        <line num="27" count="8" type="stmt"/>
        <line num="28" count="2" type="stmt"/>
        <line num="37" count="8" type="stmt"/>
        <line num="39" count="6" type="cond" truecount="2" falsecount="0"/>
        <line num="40" count="4" type="cond" truecount="2" falsecount="0"/>
        <line num="41" count="2" type="stmt"/>
        <line num="45" count="1" type="stmt"/>
      </file>
    </package>
  </project>
</coverage>
