TN:
SF:app.js
FN:10,(anonymous_0)
FN:15,(anonymous_1)
FN:22,(anonymous_2)
FN:31,(anonymous_3)
FNF:4
FNH:4
FNDA:1,(anonymous_0)
FNDA:5,(anonymous_1)
FNDA:9,(anonymous_2)
FNDA:4,(anonymous_3)
DA:1,1
DA:2,1
DA:3,1
DA:5,1
DA:10,1
DA:11,1
DA:15,1
DA:16,5
DA:18,5
DA:19,1
DA:22,9
DA:23,4
DA:24,3
DA:27,1
DA:31,1
DA:32,4
DA:35,4
DA:36,2
DA:39,2
DA:47,2
DA:48,2
DA:51,1
LF:22
LH:22
BRDA:18,0,0,1
BRDA:18,0,1,4
BRDA:23,1,0,3
BRDA:23,1,1,1
BRDA:35,2,0,2
BRDA:35,2,1,2
BRDA:35,3,0,4
BRDA:35,3,1,2
BRDA:35,3,2,2
BRDA:43,4,0,1
BRDA:43,4,1,1
BRF:11
BRH:11
end_of_record
TN:
SF:gestao-livros\sistemaAlunos.js
FN:6,(anonymous_0)
FN:20,(anonymous_1)
FN:25,(anonymous_2)
FN:27,(anonymous_3)
FN:36,(anonymous_4)
FNF:5
FNH:5
FNDA:20,(anonymous_0)
FNDA:7,(anonymous_1)
FNDA:12,(anonymous_2)
FNDA:8,(anonymous_3)
FNDA:8,(anonymous_4)
DA:7,20
DA:8,2
DA:10,18
DA:11,4
DA:21,7
DA:22,1
DA:25,12
DA:27,8
DA:28,2
DA:37,8
DA:39,6
DA:40,4
DA:41,2
DA:45,1
LF:14
LH:14
BRDA:7,0,0,2
BRDA:7,0,1,18
BRDA:7,1,0,20
BRDA:7,1,1,20
BRDA:7,1,2,19
BRDA:10,2,0,4
BRDA:10,2,1,14
BRDA:10,3,0,18
BRDA:10,3,1,16
BRDA:21,4,0,1
BRDA:21,4,1,6
BRDA:39,5,0,2
BRDA:39,5,1,4
BRDA:40,6,0,2
BRDA:40,6,1,2
BRF:15
BRH:15
end_of_record
