TN:
SF:sistemaAlunos.js
FN:6,(anonymous_0)
FN:20,(anonymous_1)
FN:25,(anonymous_2)
FN:27,(anonymous_3)
FN:36,(anonymous_4)
FNF:5
FNH:5
FNDA:20,(anonymous_0)
FNDA:7,(anonymous_1)
FNDA:12,(anonymous_2)
FNDA:8,(anonymous_3)
FNDA:8,(anonymous_4)
DA:7,20
DA:8,2
DA:10,18
DA:11,4
DA:21,7
DA:22,1
DA:25,12
DA:27,8
DA:28,2
DA:37,8
DA:39,6
DA:40,4
DA:41,2
DA:45,1
LF:14
LH:14
BRDA:7,0,0,2
BRDA:7,0,1,18
BRDA:7,1,0,20
BRDA:7,1,1,20
BRDA:7,1,2,19
BRDA:10,2,0,4
BRDA:10,2,1,14
BRDA:10,3,0,18
BRDA:10,3,1,16
BRDA:21,4,0,1
BRDA:21,4,1,6
BRDA:39,5,0,2
BRDA:39,5,1,4
BRDA:40,6,0,2
BRDA:40,6,1,2
BRF:15
BRH:15
end_of_record
